#
# There is insufficient memory for the Java Runtime Environment to continue.
# Native memory allocation (malloc) failed to allocate 1048576 bytes for AllocateHeap
# Possible reasons:
#   The system is out of physical RAM or swap space
#   The process is running with CompressedOops enabled, and the Java Heap may be blocking the growth of the native heap
# Possible solutions:
#   Reduce memory load on the system
#   Increase physical memory or swap space
#   Check if swap backing store is full
#   Decrease Java heap size (-Xmx/-Xms)
#   Decrease number of Java threads
#   Decrease Java thread stack sizes (-Xss)
#   Set larger code cache with -XX:ReservedCodeCacheSize=
#   JVM is running with Unscaled Compressed Oops mode in which the Java heap is
#     placed in the first 4GB address space. The Java Heap base address is the
#     maximum limit for the native heap growth. Please use -XX:HeapBaseMinAddress
#     to set the Java Heap base and to place the Java Heap above 4GB virtual address.
# This output file may be truncated or incomplete.
#
#  Out of Memory Error (memory/allocation.inline.hpp:61), pid=9040, tid=0x0000000000007224
#
# JRE version:  (8.0_311-b11) (build )
# Java VM: Java HotSpot(TM) 64-Bit Server VM (25.311-b11 mixed mode windows-amd64 compressed oops)
# Failed to write core dump. Minidumps are not enabled by default on client versions of Windows
#

---------------  T H R E A D  ---------------

Current thread (0x000002606e0b2000):  JavaThread "Unknown thread" [_thread_in_vm, id=29220, stack(0x0000008dfde00000,0x0000008dfdf00000)]

Stack: [0x0000008dfde00000,0x0000008dfdf00000]
Native frames: (J=compiled Java code, j=interpreted, Vv=VM code, C=native code)
V  [jvm.dll+0x32f239]
V  [jvm.dll+0x275882]
V  [jvm.dll+0x27652d]
V  [jvm.dll+0x26cf65]
V  [jvm.dll+0x509d]
V  [jvm.dll+0x3c9b0d]
V  [jvm.dll+0x3ca88a]
V  [jvm.dll+0x3c6827]
V  [jvm.dll+0xfce3f]
V  [jvm.dll+0x20a21b]
V  [jvm.dll+0x238c47]
V  [jvm.dll+0x1628e6]
C  [java.exe+0x2312]
C  [java.exe+0x15f54]
C  [KERNEL32.DLL+0x17034]
C  [ntdll.dll+0x526a1]


---------------  P R O C E S S  ---------------

Java Threads: ( => current thread )

Other Threads:

=>0x000002606e0b2000 (exited) JavaThread "Unknown thread" [_thread_in_vm, id=29220, stack(0x0000008dfde00000,0x0000008dfdf00000)]

VM state:not at safepoint (normal execution)

VM Mutex/Monitor currently owned by a thread: None

heap address: 0x0000000081c00000, size: 2020 MB, Compressed Oops mode: 32-bit
Narrow klass base: 0x0000000000000000, Narrow klass shift: 3
Compressed class space size: 1073741824 Address: 0x0000000100000000

Heap:
 PSYoungGen      total 38400K, used 665K [0x00000000d5f00000, 0x00000000d8980000, 0x0000000100000000)
  eden space 33280K, 2% used [0x00000000d5f00000,0x00000000d5fa6670,0x00000000d7f80000)
  from space 5120K, 0% used [0x00000000d8480000,0x00000000d8480000,0x00000000d8980000)
  to   space 5120K, 0% used [0x00000000d7f80000,0x00000000d7f80000,0x00000000d8480000)
 ParOldGen       total 87552K, used 0K [0x0000000081c00000, 0x0000000087180000, 0x00000000d5f00000)
  object space 87552K, 0% used [0x0000000081c00000,0x0000000081c00000,0x0000000087180000)
 Metaspace       used 778K, capacity 4480K, committed 4480K, reserved 1056768K
  class space    used 76K, capacity 384K, committed 384K, reserved 1048576K

Card table byte_map: [0x000002607ecb0000,0x000002607f0b0000] byte_map_base: 0x000002607e8a2000

Marking Bits: (ParMarkBitMap*) 0x0000000056398030
 Begin Bits: [0x0000026000000000, 0x0000026001f90000)
 End Bits:   [0x0000026001f90000, 0x0000026003f20000)

Polling page: 0x000002606e020000

CodeCache: size=245760Kb used=329Kb max_used=329Kb free=245430Kb
 bounds [0x000002606f8f0000, 0x000002606fb60000, 0x000002607e8f0000]
 total_blobs=58 nmethods=0 adapters=38
 compilation: enabled

Compilation events (0 events):
No events

GC Heap History (0 events):
No events

Deoptimization events (0 events):
No events

Classes redefined (0 events):
No events

Internal exceptions (0 events):
No events

Events (10 events):
Event: 0.071 loading class java/lang/Short
Event: 0.071 loading class java/lang/Short done
Event: 0.071 loading class java/lang/Integer
Event: 0.071 loading class java/lang/Integer done
Event: 0.071 loading class java/lang/Long
Event: 0.071 loading class java/lang/Long done
Event: 0.073 loading class java/lang/NullPointerException
Event: 0.073 loading class java/lang/NullPointerException done
Event: 0.073 loading class java/lang/ArithmeticException
Event: 0.073 loading class java/lang/ArithmeticException done


Dynamic libraries:
0x00007ff6f4740000 - 0x00007ff6f4787000 	D:\Java\jdk1.8.0_311\bin\java.exe
0x00007ff8279f0000 - 0x00007ff827be8000 	C:\WINDOWS\SYSTEM32\ntdll.dll
0x00007ff826210000 - 0x00007ff8262cd000 	C:\WINDOWS\System32\KERNEL32.DLL
0x00007ff825100000 - 0x00007ff8253d2000 	C:\WINDOWS\System32\KERNELBASE.dll
0x00007ff826e30000 - 0x00007ff826ede000 	C:\WINDOWS\System32\ADVAPI32.dll
0x00007ff8277c0000 - 0x00007ff82785e000 	C:\WINDOWS\System32\msvcrt.dll
0x00007ff827860000 - 0x00007ff8278fc000 	C:\WINDOWS\System32\sechost.dll
0x00007ff825b10000 - 0x00007ff825c35000 	C:\WINDOWS\System32\RPCRT4.dll
0x00007ff826f50000 - 0x00007ff8270ed000 	C:\WINDOWS\System32\USER32.dll
0x00007ff825450000 - 0x00007ff825472000 	C:\WINDOWS\System32\win32u.dll
0x00007ff827920000 - 0x00007ff82794b000 	C:\WINDOWS\System32\GDI32.dll
0x00007ff825760000 - 0x00007ff82586f000 	C:\WINDOWS\System32\gdi32full.dll
0x00007ff8259b0000 - 0x00007ff825a4d000 	C:\WINDOWS\System32\msvcp_win.dll
0x00007ff825480000 - 0x00007ff825580000 	C:\WINDOWS\System32\ucrtbase.dll
0x00007ff819e10000 - 0x00007ff81a0aa000 	C:\WINDOWS\WinSxS\amd64_microsoft.windows.common-controls_6595b64144ccf1df_6.0.19041.1110_none_60b5254171f9507e\COMCTL32.dll
0x00007ff826030000 - 0x00007ff826060000 	C:\WINDOWS\System32\IMM32.DLL
0x00007ff81f0b0000 - 0x00007ff81f0c5000 	D:\Java\jdk1.8.0_311\jre\bin\vcruntime140.dll
0x00007fffd2e30000 - 0x00007fffd2ecb000 	D:\Java\jdk1.8.0_311\jre\bin\msvcp140.dll
0x0000000055bb0000 - 0x0000000056410000 	D:\Java\jdk1.8.0_311\jre\bin\server\jvm.dll
0x00007ff8266d0000 - 0x00007ff8266d8000 	C:\WINDOWS\System32\PSAPI.DLL
0x00007ff814ef0000 - 0x00007ff814ef9000 	C:\WINDOWS\SYSTEM32\WSOCK32.dll
0x00007ff826ee0000 - 0x00007ff826f4b000 	C:\WINDOWS\System32\WS2_32.dll
0x00007ff814f00000 - 0x00007ff814f27000 	C:\WINDOWS\SYSTEM32\WINMM.dll
0x00007ff81b400000 - 0x00007ff81b40a000 	C:\WINDOWS\SYSTEM32\VERSION.dll
0x00007ff8239a0000 - 0x00007ff8239b2000 	C:\WINDOWS\SYSTEM32\kernel.appcore.dll
0x00007ff81f930000 - 0x00007ff81f940000 	D:\Java\jdk1.8.0_311\jre\bin\verify.dll
0x00007ff81e530000 - 0x00007ff81e55b000 	D:\Java\jdk1.8.0_311\jre\bin\java.dll
0x00007ff81ee50000 - 0x00007ff81ee80000 	D:\Java\jdk1.8.0_311\jre\bin\instrument.dll
0x00007ff81d360000 - 0x00007ff81d378000 	D:\Java\jdk1.8.0_311\jre\bin\zip.dll
0x00007ff822eb0000 - 0x00007ff823094000 	C:\WINDOWS\SYSTEM32\dbghelp.dll
0x00007ff825920000 - 0x00007ff8259a2000 	C:\WINDOWS\System32\bcryptPrimitives.dll

VM Arguments:
jvm_args: -XX:TieredStopAtLevel=1 -Xverify:none -Dspring.output.ansi.enabled=always -javaagent:D:\Java\IntelliJ IDEA 2021.3\lib\idea_rt.jar=56496:D:\Java\IntelliJ IDEA 2021.3\bin -Dcom.sun.management.jmxremote -Dspring.jmx.enabled=true -Dspring.liveBeansView.mbeanDomain -Dspring.application.admin.enabled=true -Dfile.encoding=UTF-8 
java_command: com.leyou.LyItemService
java_class_path (initial): D:\Java\jdk1.8.0_311\jre\lib\charsets.jar;D:\Java\jdk1.8.0_311\jre\lib\deploy.jar;D:\Java\jdk1.8.0_311\jre\lib\ext\access-bridge-64.jar;D:\Java\jdk1.8.0_311\jre\lib\ext\cldrdata.jar;D:\Java\jdk1.8.0_311\jre\lib\ext\dnsns.jar;D:\Java\jdk1.8.0_311\jre\lib\ext\jaccess.jar;D:\Java\jdk1.8.0_311\jre\lib\ext\jfxrt.jar;D:\Java\jdk1.8.0_311\jre\lib\ext\localedata.jar;D:\Java\jdk1.8.0_311\jre\lib\ext\nashorn.jar;D:\Java\jdk1.8.0_311\jre\lib\ext\sunec.jar;D:\Java\jdk1.8.0_311\jre\lib\ext\sunjce_provider.jar;D:\Java\jdk1.8.0_311\jre\lib\ext\sunmscapi.jar;D:\Java\jdk1.8.0_311\jre\lib\ext\sunpkcs11.jar;D:\Java\jdk1.8.0_311\jre\lib\ext\zipfs.jar;D:\Java\jdk1.8.0_311\jre\lib\javaws.jar;D:\Java\jdk1.8.0_311\jre\lib\jce.jar;D:\Java\jdk1.8.0_311\jre\lib\jfr.jar;D:\Java\jdk1.8.0_311\jre\lib\jfxswt.jar;D:\Java\jdk1.8.0_311\jre\lib\jsse.jar;D:\Java\jdk1.8.0_311\jre\lib\management-agent.jar;D:\Java\jdk1.8.0_311\jre\lib\plugin.jar;D:\Java\jdk1.8.0_311\jre\lib\resources.jar;D:\Java\jdk1.8.0_311\jre\lib\rt.jar;D:\beijin\sx\leyou\ly-item\ly-item-service\target\classes;D:\repspringcloud\org\springframework\cloud\spring-cloud-starter-netflix-eureka-client\2.0.0.RELEASE\spring-cloud-starter-netflix-eureka-client-2.0.0.RELEASE.jar;D:\repspringcloud\org\springframework\cloud\spring-cloud-starter\2.0.0.RELEASE\spring-cloud-starter-2.0.0.RELEASE.jar;D:\repspringcloud\org\springframework\cloud\spring-cloud-context\2.0.0.RELEASE\spring-cloud-context-2.0.0.RELEASE.jar;D:\repspringcloud\org\springframework\security\spring-security-crypto\5.0.6.RELEASE\spring-security-crypto-5.0.6.RELEASE.jar;D:\repspringcloud\org\springframework\cloud\spring-cloud-commons\2.0.0.RELEASE\spring-cloud-commons-2.0.0.RELEASE.jar;D:\repspringcloud\org\springframework\security\spring-security-rsa\1.0.5.RELEASE\spring-security-rsa-1.0.5.RELEASE.jar;D:\repspringcloud\org\bouncycastle\bcpkix-jdk15on\1.56\bcpkix-jdk15on-1.56.jar;D:\repspringcloud\org\bouncycastle\bcprov-jdk15on\1.56\bcprov-jdk15on-1.56
Launcher Type: SUN_STANDARD

Environment Variables:
JAVA_HOME=D:\Java\jdk1.8.0_311
CLASSPATH=.;D:\Java\jdk1.8.0_311\lib;D:\Java\jdk1.8.0_311\lib\tools.jar
PATH=D:\tools\xftp\;D:\app\gzq\product\11.1.0\db_1\bin;C:\Program Files (x86)\VMware\VMware Workstation\bin\;D:\database\Oracle\app\oracle\product\11.2.0\server\bin;C:\Program Files (x86)\Intel\Intel(R) Management Engine Components\iCLS\;C:\Program Files\Intel\Intel(R) Management Engine Components\iCLS\;C:\Windows\system32;C:\Windows;C:\Windows\System32\Wbem;C:\Windows\System32\WindowsPowerShell\v1.0\;C:\Windows\System32\OpenSSH\;C:\Program Files (x86)\Intel\Intel(R) Management Engine Components\DAL;C:\Program Files\Intel\Intel(R) Management Engine Components\DAL;C:\Program Files (x86)\Intel\Intel(R) Management Engine Components\IPT;C:\Program Files\Intel\Intel(R) Management Engine Components\IPT;C:\Program Files (x86)\NVIDIA Corporation\PhysX\Common;C:\WINDOWS\system32;C:\WINDOWS;C:\WINDOWS\System32\Wbem;C:\WINDOWS\System32\WindowsPowerShell\v1.0\;C:\WINDOWS\System32\OpenSSH\;C:\Program Files\Intel\WiFi\bin\;C:\Program Files\Common Files\Intel\WirelessCommon\;D:\Java\jdk1.8.0_311\bin;D:\Java\jdk1.8.0_311\jre\bin;D:\MySQL\bin;C:\Program Files\Apache Software Foundation\Tomcat 9.0\bin;D:\database\mysql-8.0.11-winx64\mysql-8.0.11-winx64\bin;D:\mvn\apache-maven-3.3.9\bin;D:\database\mysql-5.7.22-winx64\bin;D:\node\;C:\Users\郭志强\AppData\Local\Microsoft\WindowsApps;C:\Users\郭志强\AppData\Roaming\npm
USERNAME=郭志强
OS=Windows_NT
PROCESSOR_IDENTIFIER=Intel64 Family 6 Model 142 Stepping 10, GenuineIntel



---------------  S Y S T E M  ---------------

OS: Windows 10.0 , 64 bit Build 19041 (10.0.19041.1889)

CPU:total 8 (initial active 8) (4 cores per cpu, 2 threads per core) family 6 model 142 stepping 10, cmov, cx8, fxsr, mmx, sse, sse2, sse3, ssse3, sse4.1, sse4.2, popcnt, avx, avx2, aes, clmul, erms, 3dnowpref, lzcnt, ht, tsc, tscinvbit, bmi1, bmi2, adx

Memory: 4k page, physical 8268520k(469796k free), swap 18754276k(3108k free)

vm_info: Java HotSpot(TM) 64-Bit Server VM (25.311-b11) for windows-amd64 JRE (1.8.0_311-b11), built on Sep 27 2021 05:15:14 by "java_re" with MS VC++ 15.9 (VS2017)

time: Mon Oct 17 19:47:04 2022
timezone: 中国标准时间
elapsed time: 0.138037 seconds (0d 0h 0m 0s)

